# JRE version: Java(TM) SE Runtime Environment (8.0_112-b15) (build 1.8.0_112-b15)
# Java VM: Java HotSpot(TM) 64-Bit Server VM (25.112-b15 mixed mode windows-amd64 compressed oops)
Heap:
 PSYoungGen      total 53760K, used 36618K [0x00000007bc400000, 0x00000007c0000000, 0x00000007c0000000)
  eden space 46080K, 74% used [0x00000007bc400000,0x00000007be54e808,0x00000007bf100000)
  from space 7680K, 32% used [0x00000007bf100000,0x00000007bf374138,0x00000007bf880000)
  to   space 7168K, 0% used [0x00000007bf900000,0x00000007bf900000,0x00000007c0000000)
 ParOldGen       total 412160K, used 285635K [0x0000000700000000, 0x0000000719280000, 0x00000007bc400000)
  object space 412160K, 69% used [0x0000000700000000,0x00000007116f0d98,0x0000000719280000)
 Metaspace       used 91523K, capacity 92585K, committed 93184K, reserved 1128448K
  class space    used 13070K, capacity 13249K, committed 13312K, reserved 1048576K
GC Heap History (10 events):
Event: 10586.658 GC heap before
{Heap before GC invocations=1373 (full 104):
 PSYoungGen      total 54272K, used 46976K [0x00000007bc400000, 0x00000007c0000000, 0x00000007c0000000)
  eden space 46592K, 100% used [0x00000007bc400000,0x00000007bf180000,0x00000007bf180000)
  from space 7680K, 5% used [0x00000007bf880000,0x00000007bf8e0000,0x00000007c0000000)
  to   space 7168K, 0% used [0x00000007bf180000,0x00000007bf180000,0x00000007bf880000)
 ParOldGen       total 412160K, used 285635K [0x0000000700000000, 0x0000000719280000, 0x00000007bc400000)
  object space 412160K, 69% used [0x0000000700000000,0x00000007116f0d98,0x0000000719280000)
 Metaspace       used 91478K, capacity 92569K, committed 93184K, reserved 1128448K
  class space    used 13058K, capacity 13245K, committed 13312K, reserved 1048576K
Event: 10586.662 GC heap after
Heap after GC invocations=1373 (full 104):
 PSYoungGen      total 53760K, used 384K [0x00000007bc400000, 0x00000007c0000000, 0x00000007c0000000)
  eden space 46592K, 0% used [0x00000007bc400000,0x00000007bc400000,0x00000007bf180000)
  from space 7168K, 5% used [0x00000007bf180000,0x00000007bf1e0000,0x00000007bf880000)
  to   space 7168K, 0% used [0x00000007bf900000,0x00000007bf900000,0x00000007c0000000)
 ParOldGen       total 412160K, used 285635K [0x0000000700000000, 0x0000000719280000, 0x00000007bc400000)
  object space 412160K, 69% used [0x0000000700000000,0x00000007116f0d98,0x0000000719280000)
 Metaspace       used 91478K, capacity 92569K, committed 93184K, reserved 1128448K
  class space    used 13058K, capacity 13245K, committed 13312K, reserved 1048576K
}
Event: 10587.689 GC heap before
{Heap before GC invocations=1374 (full 104):
 PSYoungGen      total 53760K, used 46976K [0x00000007bc400000, 0x00000007c0000000, 0x00000007c0000000)
  eden space 46592K, 100% used [0x00000007bc400000,0x00000007bf180000,0x00000007bf180000)
  from space 7168K, 5% used [0x00000007bf180000,0x00000007bf1e0000,0x00000007bf880000)
  to   space 7168K, 0% used [0x00000007bf900000,0x00000007bf900000,0x00000007c0000000)
 ParOldGen       total 412160K, used 285635K [0x0000000700000000, 0x0000000719280000, 0x00000007bc400000)
  object space 412160K, 69% used [0x0000000700000000,0x00000007116f0d98,0x0000000719280000)
 Metaspace       used 91478K, capacity 92569K, committed 93184K, reserved 1128448K
  class space    used 13058K, capacity 13245K, committed 13312K, reserved 1048576K
Event: 10587.693 GC heap after
Heap after GC invocations=1374 (full 104):
 PSYoungGen      total 54272K, used 544K [0x00000007bc400000, 0x00000007c0000000, 0x00000007c0000000)
  eden space 47104K, 0% used [0x00000007bc400000,0x00000007bc400000,0x00000007bf200000)
  from space 7168K, 7% used [0x00000007bf900000,0x00000007bf988000,0x00000007c0000000)
  to   space 7168K, 0% used [0x00000007bf200000,0x00000007bf200000,0x00000007bf900000)
 ParOldGen       total 412160K, used 285635K [0x0000000700000000, 0x0000000719280000, 0x00000007bc400000)
  object space 412160K, 69% used [0x0000000700000000,0x00000007116f0d98,0x0000000719280000)
 Metaspace       used 91478K, capacity 92569K, committed 93184K, reserved 1128448K
  class space    used 13058K, capacity 13245K, committed 13312K, reserved 1048576K
}
Event: 10588.899 GC heap before
{Heap before GC invocations=1375 (full 104):
 PSYoungGen      total 54272K, used 16226K [0x00000007bc400000, 0x00000007c0000000, 0x00000007c0000000)
  eden space 47104K, 33% used [0x00000007bc400000,0x00000007bd350950,0x00000007bf200000)
  from space 7168K, 7% used [0x00000007bf900000,0x00000007bf988000,0x00000007c0000000)
  to   space 7168K, 0% used [0x00000007bf200000,0x00000007bf200000,0x00000007bf900000)
 ParOldGen       total 412160K, used 285635K [0x0000000700000000, 0x0000000719280000, 0x00000007bc400000)
  object space 412160K, 69% used [0x0000000700000000,0x00000007116f0d98,0x0000000719280000)
 Metaspace       used 91478K, capacity 92569K, committed 93184K, reserved 1128448K
  class space    used 13058K, capacity 13245K, committed 13312K, reserved 1048576K
Event: 10588.903 GC heap after
Heap after GC invocations=1375 (full 104):
 PSYoungGen      total 54272K, used 690K [0x00000007bc400000, 0x00000007c0000000, 0x00000007c0000000)
  eden space 47104K, 0% used [0x00000007bc400000,0x00000007bc400000,0x00000007bf200000)
  from space 7168K, 9% used [0x00000007bf200000,0x00000007bf2ac930,0x00000007bf900000)
  to   space 6656K, 0% used [0x00000007bf980000,0x00000007bf980000,0x00000007c0000000)
 ParOldGen       total 412160K, used 285635K [0x0000000700000000, 0x0000000719280000, 0x00000007bc400000)
  object space 412160K, 69% used [0x0000000700000000,0x00000007116f0d98,0x0000000719280000)
 Metaspace       used 91478K, capacity 92569K, committed 93184K, reserved 1128448K
  class space    used 13058K, capacity 13245K, committed 13312K, reserved 1048576K
}
Event: 10592.812 GC heap before
{Heap before GC invocations=1376 (full 104):
 PSYoungGen      total 54272K, used 47794K [0x00000007bc400000, 0x00000007c0000000, 0x00000007c0000000)
  eden space 47104K, 100% used [0x00000007bc400000,0x00000007bf200000,0x00000007bf200000)
  from space 7168K, 9% used [0x00000007bf200000,0x00000007bf2ac930,0x00000007bf900000)
  to   space 6656K, 0% used [0x00000007bf980000,0x00000007bf980000,0x00000007c0000000)
 ParOldGen       total 412160K, used 285635K [0x0000000700000000, 0x0000000719280000, 0x00000007bc400000)
  object space 412160K, 69% used [0x0000000700000000,0x00000007116f0d98,0x0000000719280000)
 Metaspace       used 91502K, capacity 92585K, committed 93184K, reserved 1128448K
  class space    used 13063K, capacity 13249K, committed 13312K, reserved 1048576K
Event: 10592.818 GC heap after
Heap after GC invocations=1376 (full 104):
 PSYoungGen      total 52736K, used 5374K [0x00000007bc400000, 0x00000007c0000000, 0x00000007c0000000)
  eden space 46080K, 0% used [0x00000007bc400000,0x00000007bc400000,0x00000007bf100000)
  from space 6656K, 80% used [0x00000007bf980000,0x00000007bfebf9a8,0x00000007c0000000)
  to   space 7680K, 0% used [0x00000007bf100000,0x00000007bf100000,0x00000007bf880000)
 ParOldGen       total 412160K, used 285635K [0x0000000700000000, 0x0000000719280000, 0x00000007bc400000)
  object space 412160K, 69% used [0x0000000700000000,0x00000007116f0d98,0x0000000719280000)
 Metaspace       used 91502K, capacity 92585K, committed 93184K, reserved 1128448K
  class space    used 13063K, capacity 13249K, committed 13312K, reserved 1048576K
}
Event: 10597.054 GC heap before
{Heap before GC invocations=1377 (full 104):
 PSYoungGen      total 52736K, used 51454K [0x00000007bc400000, 0x00000007c0000000, 0x00000007c0000000)
  eden space 46080K, 100% used [0x00000007bc400000,0x00000007bf100000,0x00000007bf100000)
  from space 6656K, 80% used [0x00000007bf980000,0x00000007bfebf9a8,0x00000007c0000000)
  to   space 7680K, 0% used [0x00000007bf100000,0x00000007bf100000,0x00000007bf880000)
 ParOldGen       total 412160K, used 285635K [0x0000000700000000, 0x0000000719280000, 0x00000007bc400000)
  object space 412160K, 69% used [0x0000000700000000,0x00000007116f0d98,0x0000000719280000)
 Metaspace       used 91512K, capacity 92585K, committed 93184K, reserved 1128448K
  class space    used 13063K, capacity 13249K, committed 13312K, reserved 1048576K
Event: 10597.063 GC heap after
Heap after GC invocations=1377 (full 104):
 PSYoungGen      total 53760K, used 2512K [0x00000007bc400000, 0x00000007c0000000, 0x00000007c0000000)
  eden space 46080K, 0% used [0x00000007bc400000,0x00000007bc400000,0x00000007bf100000)
  from space 7680K, 32% used [0x00000007bf100000,0x00000007bf374138,0x00000007bf880000)
  to   space 7168K, 0% used [0x00000007bf900000,0x00000007bf900000,0x00000007c0000000)
 ParOldGen       total 412160K, used 285635K [0x0000000700000000, 0x0000000719280000, 0x00000007bc400000)
  object space 412160K, 69% used [0x0000000700000000,0x00000007116f0d98,0x0000000719280000)
 Metaspace       used 91512K, capacity 92585K, committed 93184K, reserved 1128448K
  class space    used 13063K, capacity 13249K, committed 13312K, reserved 1048576K
}

