# JRE version: Java(TM) SE Runtime Environment (8.0_112-b15) (build 1.8.0_112-b15)
# Java VM: Java HotSpot(TM) 64-Bit Server VM (25.112-b15 mixed mode windows-amd64 compressed oops)
Heap:
 PSYoungGen      total 54272K, used 38117K [0x00000007bc400000, 0x00000007c0000000, 0x00000007c0000000)
  eden space 47104K, 80% used [0x00000007bc400000,0x00000007be939750,0x00000007bf200000)
  from space 7168K, 0% used [0x00000007bf200000,0x00000007bf200000,0x00000007bf900000)
  to   space 7168K, 0% used [0x00000007bf900000,0x00000007bf900000,0x00000007c0000000)
 ParOldGen       total 118272K, used 51603K [0x0000000700000000, 0x0000000707380000, 0x00000007bc400000)
  object space 118272K, 43% used [0x0000000700000000,0x0000000703264df8,0x0000000707380000)
 Metaspace       used 69310K, capacity 69955K, committed 70528K, reserved 1110016K
  class space    used 9639K, capacity 9784K, committed 9856K, reserved 1048576K
GC Heap History (10 events):
Event: 161.622 GC heap before
{Heap before GC invocations=83 (full 16):
 PSYoungGen      total 53760K, used 46496K [0x00000007bc400000, 0x00000007c0000000, 0x00000007c0000000)
  eden space 46080K, 100% used [0x00000007bc400000,0x00000007bf100000,0x00000007bf100000)
  from space 7680K, 5% used [0x00000007bf880000,0x00000007bf8e8000,0x00000007c0000000)
  to   space 7680K, 0% used [0x00000007bf100000,0x00000007bf100000,0x00000007bf880000)
 ParOldGen       total 118272K, used 51879K [0x0000000700000000, 0x0000000707380000, 0x00000007bc400000)
  object space 118272K, 43% used [0x0000000700000000,0x00000007032a9fc8,0x0000000707380000)
 Metaspace       used 69226K, capacity 69885K, committed 70528K, reserved 1110016K
  class space    used 9633K, capacity 9783K, committed 9856K, reserved 1048576K
Event: 161.626 GC heap after
Heap after GC invocations=83 (full 16):
 PSYoungGen      total 53760K, used 640K [0x00000007bc400000, 0x00000007c0000000, 0x00000007c0000000)
  eden space 46080K, 0% used [0x00000007bc400000,0x00000007bc400000,0x00000007bf100000)
  from space 7680K, 8% used [0x00000007bf100000,0x00000007bf1a0000,0x00000007bf880000)
  to   space 7168K, 0% used [0x00000007bf900000,0x00000007bf900000,0x00000007c0000000)
 ParOldGen       total 118272K, used 51887K [0x0000000700000000, 0x0000000707380000, 0x00000007bc400000)
  object space 118272K, 43% used [0x0000000700000000,0x00000007032abfc8,0x0000000707380000)
 Metaspace       used 69226K, capacity 69885K, committed 70528K, reserved 1110016K
  class space    used 9633K, capacity 9783K, committed 9856K, reserved 1048576K
}
Event: 162.547 GC heap before
{Heap before GC invocations=84 (full 16):
 PSYoungGen      total 53760K, used 17747K [0x00000007bc400000, 0x00000007c0000000, 0x00000007c0000000)
  eden space 46080K, 37% used [0x00000007bc400000,0x00000007bd4b4d60,0x00000007bf100000)
  from space 7680K, 8% used [0x00000007bf100000,0x00000007bf1a0000,0x00000007bf880000)
  to   space 7168K, 0% used [0x00000007bf900000,0x00000007bf900000,0x00000007c0000000)
 ParOldGen       total 118272K, used 51887K [0x0000000700000000, 0x0000000707380000, 0x00000007bc400000)
  object space 118272K, 43% used [0x0000000700000000,0x00000007032abfc8,0x0000000707380000)
 Metaspace       used 69233K, capacity 69885K, committed 70528K, reserved 1110016K
  class space    used 9633K, capacity 9783K, committed 9856K, reserved 1048576K
Event: 162.551 GC heap after
Heap after GC invocations=84 (full 16):
 PSYoungGen      total 54272K, used 480K [0x00000007bc400000, 0x00000007c0000000, 0x00000007c0000000)
  eden space 47104K, 0% used [0x00000007bc400000,0x00000007bc400000,0x00000007bf200000)
  from space 7168K, 6% used [0x00000007bf900000,0x00000007bf978000,0x00000007c0000000)
  to   space 7168K, 0% used [0x00000007bf200000,0x00000007bf200000,0x00000007bf900000)
 ParOldGen       total 118272K, used 51887K [0x0000000700000000, 0x0000000707380000, 0x00000007bc400000)
  object space 118272K, 43% used [0x0000000700000000,0x00000007032abfc8,0x0000000707380000)
 Metaspace       used 69233K, capacity 69885K, committed 70528K, reserved 1110016K
  class space    used 9633K, capacity 9783K, committed 9856K, reserved 1048576K
}
Event: 162.551 GC heap before
{Heap before GC invocations=85 (full 17):
 PSYoungGen      total 54272K, used 480K [0x00000007bc400000, 0x00000007c0000000, 0x00000007c0000000)
  eden space 47104K, 0% used [0x00000007bc400000,0x00000007bc400000,0x00000007bf200000)
  from space 7168K, 6% used [0x00000007bf900000,0x00000007bf978000,0x00000007c0000000)
  to   space 7168K, 0% used [0x00000007bf200000,0x00000007bf200000,0x00000007bf900000)
 ParOldGen       total 118272K, used 51887K [0x0000000700000000, 0x0000000707380000, 0x00000007bc400000)
  object space 118272K, 43% used [0x0000000700000000,0x00000007032abfc8,0x0000000707380000)
 Metaspace       used 69233K, capacity 69885K, committed 70528K, reserved 1110016K
  class space    used 9633K, capacity 9783K, committed 9856K, reserved 1048576K
Event: 162.713 GC heap after
Heap after GC invocations=85 (full 17):
 PSYoungGen      total 54272K, used 0K [0x00000007bc400000, 0x00000007c0000000, 0x00000007c0000000)
  eden space 47104K, 0% used [0x00000007bc400000,0x00000007bc400000,0x00000007bf200000)
  from space 7168K, 0% used [0x00000007bf900000,0x00000007bf900000,0x00000007c0000000)
  to   space 7168K, 0% used [0x00000007bf200000,0x00000007bf200000,0x00000007bf900000)
 ParOldGen       total 118272K, used 51669K [0x0000000700000000, 0x0000000707380000, 0x00000007bc400000)
  object space 118272K, 43% used [0x0000000700000000,0x00000007032757f8,0x0000000707380000)
 Metaspace       used 69233K, capacity 69885K, committed 70528K, reserved 1110016K
  class space    used 9633K, capacity 9783K, committed 9856K, reserved 1048576K
}
Event: 162.882 GC heap before
{Heap before GC invocations=86 (full 17):
 PSYoungGen      total 54272K, used 5169K [0x00000007bc400000, 0x00000007c0000000, 0x00000007c0000000)
  eden space 47104K, 10% used [0x00000007bc400000,0x00000007bc90c6f0,0x00000007bf200000)
  from space 7168K, 0% used [0x00000007bf900000,0x00000007bf900000,0x00000007c0000000)
  to   space 7168K, 0% used [0x00000007bf200000,0x00000007bf200000,0x00000007bf900000)
 ParOldGen       total 118272K, used 51669K [0x0000000700000000, 0x0000000707380000, 0x00000007bc400000)
  object space 118272K, 43% used [0x0000000700000000,0x00000007032757f8,0x0000000707380000)
 Metaspace       used 69239K, capacity 69885K, committed 70528K, reserved 1110016K
  class space    used 9633K, capacity 9783K, committed 9856K, reserved 1048576K
Event: 162.885 GC heap after
Heap after GC invocations=86 (full 17):
 PSYoungGen      total 54272K, used 3615K [0x00000007bc400000, 0x00000007c0000000, 0x00000007c0000000)
  eden space 47104K, 0% used [0x00000007bc400000,0x00000007bc400000,0x00000007bf200000)
  from space 7168K, 50% used [0x00000007bf200000,0x00000007bf587ef8,0x00000007bf900000)
  to   space 7168K, 0% used [0x00000007bf900000,0x00000007bf900000,0x00000007c0000000)
 ParOldGen       total 118272K, used 51669K [0x0000000700000000, 0x0000000707380000, 0x00000007bc400000)
  object space 118272K, 43% used [0x0000000700000000,0x00000007032757f8,0x0000000707380000)
 Metaspace       used 69239K, capacity 69885K, committed 70528K, reserved 1110016K
  class space    used 9633K, capacity 9783K, committed 9856K, reserved 1048576K
}
Event: 162.885 GC heap before
{Heap before GC invocations=87 (full 18):
 PSYoungGen      total 54272K, used 3615K [0x00000007bc400000, 0x00000007c0000000, 0x00000007c0000000)
  eden space 47104K, 0% used [0x00000007bc400000,0x00000007bc400000,0x00000007bf200000)
  from space 7168K, 50% used [0x00000007bf200000,0x00000007bf587ef8,0x00000007bf900000)
  to   space 7168K, 0% used [0x00000007bf900000,0x00000007bf900000,0x00000007c0000000)
 ParOldGen       total 118272K, used 51669K [0x0000000700000000, 0x0000000707380000, 0x00000007bc400000)
  object space 118272K, 43% used [0x0000000700000000,0x00000007032757f8,0x0000000707380000)
 Metaspace       used 69239K, capacity 69885K, committed 70528K, reserved 1110016K
  class space    used 9633K, capacity 9783K, committed 9856K, reserved 1048576K
Event: 162.949 GC heap after
Heap after GC invocations=87 (full 18):
 PSYoungGen      total 54272K, used 0K [0x00000007bc400000, 0x00000007c0000000, 0x00000007c0000000)
  eden space 47104K, 0% used [0x00000007bc400000,0x00000007bc400000,0x00000007bf200000)
  from space 7168K, 0% used [0x00000007bf200000,0x00000007bf200000,0x00000007bf900000)
  to   space 7168K, 0% used [0x00000007bf900000,0x00000007bf900000,0x00000007c0000000)
 ParOldGen       total 118272K, used 51603K [0x0000000700000000, 0x0000000707380000, 0x00000007bc400000)
  object space 118272K, 43% used [0x0000000700000000,0x0000000703264df8,0x0000000707380000)
 Metaspace       used 69239K, capacity 69885K, committed 70528K, reserved 1110016K
  class space    used 9633K, capacity 9783K, committed 9856K, reserved 1048576K
}

