# JRE version: Java(TM) SE Runtime Environment (8.0_112-b15) (build 1.8.0_112-b15)
# Java VM: Java HotSpot(TM) 64-Bit Server VM (25.112-b15 mixed mode windows-amd64 compressed oops)
Heap:
 PSYoungGen      total 59904K, used 49477K [0x00000007bc400000, 0x00000007c0000000, 0x00000007c0000000)
  eden space 58368K, 82% used [0x00000007bc400000,0x00000007bf31e228,0x00000007bfd00000)
  from space 1536K, 80% used [0x00000007bfe80000,0x00000007bffb34f0,0x00000007c0000000)
  to   space 1536K, 0% used [0x00000007bfd00000,0x00000007bfd00000,0x00000007bfe80000)
 ParOldGen       total 140800K, used 99301K [0x0000000700000000, 0x0000000708980000, 0x00000007bc400000)
  object space 140800K, 70% used [0x0000000700000000,0x00000007060f9650,0x0000000708980000)
 Metaspace       used 80051K, capacity 80869K, committed 81792K, reserved 1120256K
  class space    used 11142K, capacity 11303K, committed 11392K, reserved 1048576K
GC Heap History (10 events):
Event: 2392.559 GC heap before
{Heap before GC invocations=614 (full 182):
 PSYoungGen      total 59904K, used 58368K [0x00000007bc400000, 0x00000007c0000000, 0x00000007c0000000)
  eden space 58368K, 100% used [0x00000007bc400000,0x00000007bfd00000,0x00000007bfd00000)
  from space 1536K, 0% used [0x00000007bfd00000,0x00000007bfd00000,0x00000007bfe80000)
  to   space 1536K, 0% used [0x00000007bfe80000,0x00000007bfe80000,0x00000007c0000000)
 ParOldGen       total 140800K, used 99301K [0x0000000700000000, 0x0000000708980000, 0x00000007bc400000)
  object space 140800K, 70% used [0x0000000700000000,0x00000007060f9650,0x0000000708980000)
 Metaspace       used 80027K, capacity 80805K, committed 81536K, reserved 1120256K
  class space    used 11142K, capacity 11303K, committed 11392K, reserved 1048576K
Event: 2392.562 GC heap after
Heap after GC invocations=614 (full 182):
 PSYoungGen      total 59904K, used 576K [0x00000007bc400000, 0x00000007c0000000, 0x00000007c0000000)
  eden space 58368K, 0% used [0x00000007bc400000,0x00000007bc400000,0x00000007bfd00000)
  from space 1536K, 37% used [0x00000007bfe80000,0x00000007bff10000,0x00000007c0000000)
  to   space 1536K, 0% used [0x00000007bfd00000,0x00000007bfd00000,0x00000007bfe80000)
 ParOldGen       total 140800K, used 99301K [0x0000000700000000, 0x0000000708980000, 0x00000007bc400000)
  object space 140800K, 70% used [0x0000000700000000,0x00000007060f9650,0x0000000708980000)
 Metaspace       used 80027K, capacity 80805K, committed 81536K, reserved 1120256K
  class space    used 11142K, capacity 11303K, committed 11392K, reserved 1048576K
}
Event: 2423.311 GC heap before
{Heap before GC invocations=615 (full 182):
 PSYoungGen      total 59904K, used 58944K [0x00000007bc400000, 0x00000007c0000000, 0x00000007c0000000)
  eden space 58368K, 100% used [0x00000007bc400000,0x00000007bfd00000,0x00000007bfd00000)
  from space 1536K, 37% used [0x00000007bfe80000,0x00000007bff10000,0x00000007c0000000)
  to   space 1536K, 0% used [0x00000007bfd00000,0x00000007bfd00000,0x00000007bfe80000)
 ParOldGen       total 140800K, used 99301K [0x0000000700000000, 0x0000000708980000, 0x00000007bc400000)
  object space 140800K, 70% used [0x0000000700000000,0x00000007060f9650,0x0000000708980000)
 Metaspace       used 80043K, capacity 80869K, committed 81792K, reserved 1120256K
  class space    used 11142K, capacity 11303K, committed 11392K, reserved 1048576K
Event: 2423.315 GC heap after
Heap after GC invocations=615 (full 182):
 PSYoungGen      total 59904K, used 672K [0x00000007bc400000, 0x00000007c0000000, 0x00000007c0000000)
  eden space 58368K, 0% used [0x00000007bc400000,0x00000007bc400000,0x00000007bfd00000)
  from space 1536K, 43% used [0x00000007bfd00000,0x00000007bfda8000,0x00000007bfe80000)
  to   space 1536K, 0% used [0x00000007bfe80000,0x00000007bfe80000,0x00000007c0000000)
 ParOldGen       total 140800K, used 99301K [0x0000000700000000, 0x0000000708980000, 0x00000007bc400000)
  object space 140800K, 70% used [0x0000000700000000,0x00000007060f9650,0x0000000708980000)
 Metaspace       used 80043K, capacity 80869K, committed 81792K, reserved 1120256K
  class space    used 11142K, capacity 11303K, committed 11392K, reserved 1048576K
}
Event: 2424.477 GC heap before
{Heap before GC invocations=616 (full 182):
 PSYoungGen      total 59904K, used 59040K [0x00000007bc400000, 0x00000007c0000000, 0x00000007c0000000)
  eden space 58368K, 100% used [0x00000007bc400000,0x00000007bfd00000,0x00000007bfd00000)
  from space 1536K, 43% used [0x00000007bfd00000,0x00000007bfda8000,0x00000007bfe80000)
  to   space 1536K, 0% used [0x00000007bfe80000,0x00000007bfe80000,0x00000007c0000000)
 ParOldGen       total 140800K, used 99301K [0x0000000700000000, 0x0000000708980000, 0x00000007bc400000)
  object space 140800K, 70% used [0x0000000700000000,0x00000007060f9650,0x0000000708980000)
 Metaspace       used 80044K, capacity 80869K, committed 81792K, reserved 1120256K
  class space    used 11142K, capacity 11303K, committed 11392K, reserved 1048576K
Event: 2424.482 GC heap after
Heap after GC invocations=616 (full 182):
 PSYoungGen      total 59904K, used 608K [0x00000007bc400000, 0x00000007c0000000, 0x00000007c0000000)
  eden space 58368K, 0% used [0x00000007bc400000,0x00000007bc400000,0x00000007bfd00000)
  from space 1536K, 39% used [0x00000007bfe80000,0x00000007bff18000,0x00000007c0000000)
  to   space 1536K, 0% used [0x00000007bfd00000,0x00000007bfd00000,0x00000007bfe80000)
 ParOldGen       total 140800K, used 99301K [0x0000000700000000, 0x0000000708980000, 0x00000007bc400000)
  object space 140800K, 70% used [0x0000000700000000,0x00000007060f9650,0x0000000708980000)
 Metaspace       used 80044K, capacity 80869K, committed 81792K, reserved 1120256K
  class space    used 11142K, capacity 11303K, committed 11392K, reserved 1048576K
}
Event: 2424.985 GC heap before
{Heap before GC invocations=617 (full 182):
 PSYoungGen      total 59904K, used 58976K [0x00000007bc400000, 0x00000007c0000000, 0x00000007c0000000)
  eden space 58368K, 100% used [0x00000007bc400000,0x00000007bfd00000,0x00000007bfd00000)
  from space 1536K, 39% used [0x00000007bfe80000,0x00000007bff18000,0x00000007c0000000)
  to   space 1536K, 0% used [0x00000007bfd00000,0x00000007bfd00000,0x00000007bfe80000)
 ParOldGen       total 140800K, used 99301K [0x0000000700000000, 0x0000000708980000, 0x00000007bc400000)
  object space 140800K, 70% used [0x0000000700000000,0x00000007060f9650,0x0000000708980000)
 Metaspace       used 80044K, capacity 80869K, committed 81792K, reserved 1120256K
  class space    used 11142K, capacity 11303K, committed 11392K, reserved 1048576K
Event: 2424.988 GC heap after
Heap after GC invocations=617 (full 182):
 PSYoungGen      total 59904K, used 704K [0x00000007bc400000, 0x00000007c0000000, 0x00000007c0000000)
  eden space 58368K, 0% used [0x00000007bc400000,0x00000007bc400000,0x00000007bfd00000)
  from space 1536K, 45% used [0x00000007bfd00000,0x00000007bfdb0000,0x00000007bfe80000)
  to   space 1536K, 0% used [0x00000007bfe80000,0x00000007bfe80000,0x00000007c0000000)
 ParOldGen       total 140800K, used 99301K [0x0000000700000000, 0x0000000708980000, 0x00000007bc400000)
  object space 140800K, 70% used [0x0000000700000000,0x00000007060f9650,0x0000000708980000)
 Metaspace       used 80044K, capacity 80869K, committed 81792K, reserved 1120256K
  class space    used 11142K, capacity 11303K, committed 11392K, reserved 1048576K
}
Event: 2428.895 GC heap before
{Heap before GC invocations=618 (full 182):
 PSYoungGen      total 59904K, used 59072K [0x00000007bc400000, 0x00000007c0000000, 0x00000007c0000000)
  eden space 58368K, 100% used [0x00000007bc400000,0x00000007bfd00000,0x00000007bfd00000)
  from space 1536K, 45% used [0x00000007bfd00000,0x00000007bfdb0000,0x00000007bfe80000)
  to   space 1536K, 0% used [0x00000007bfe80000,0x00000007bfe80000,0x00000007c0000000)
 ParOldGen       total 140800K, used 99301K [0x0000000700000000, 0x0000000708980000, 0x00000007bc400000)
  object space 140800K, 70% used [0x0000000700000000,0x00000007060f9650,0x0000000708980000)
 Metaspace       used 80048K, capacity 80869K, committed 81792K, reserved 1120256K
  class space    used 11142K, capacity 11303K, committed 11392K, reserved 1048576K
Event: 2428.899 GC heap after
Heap after GC invocations=618 (full 182):
 PSYoungGen      total 59904K, used 1229K [0x00000007bc400000, 0x00000007c0000000, 0x00000007c0000000)
  eden space 58368K, 0% used [0x00000007bc400000,0x00000007bc400000,0x00000007bfd00000)
  from space 1536K, 80% used [0x00000007bfe80000,0x00000007bffb34f0,0x00000007c0000000)
  to   space 1536K, 0% used [0x00000007bfd00000,0x00000007bfd00000,0x00000007bfe80000)
 ParOldGen       total 140800K, used 99301K [0x0000000700000000, 0x0000000708980000, 0x00000007bc400000)
  object space 140800K, 70% used [0x0000000700000000,0x00000007060f9650,0x0000000708980000)
 Metaspace       used 80048K, capacity 80869K, committed 81792K, reserved 1120256K
  class space    used 11142K, capacity 11303K, committed 11392K, reserved 1048576K
}

