# JRE version: Java(TM) SE Runtime Environment (8.0_112-b15) (build 1.8.0_112-b15)
# Java VM: Java HotSpot(TM) 64-Bit Server VM (25.112-b15 mixed mode windows-amd64 compressed oops)
Heap:
 PSYoungGen      total 59392K, used 26649K [0x00000007bc400000, 0x00000007c0000000, 0x00000007c0000000)
  eden space 57344K, 45% used [0x00000007bc400000,0x00000007bdd36428,0x00000007bfc00000)
  from space 2048K, 40% used [0x00000007bfc00000,0x00000007bfcd0000,0x00000007bfe00000)
  to   space 2048K, 0% used [0x00000007bfe00000,0x00000007bfe00000,0x00000007c0000000)
 ParOldGen       total 115712K, used 86647K [0x0000000700000000, 0x0000000707100000, 0x00000007bc400000)
  object space 115712K, 74% used [0x0000000700000000,0x000000070549dc00,0x0000000707100000)
 Metaspace       used 76109K, capacity 76887K, committed 77696K, reserved 1116160K
  class space    used 10369K, capacity 10532K, committed 10624K, reserved 1048576K
GC Heap History (10 events):
Event: 8569.841 GC heap before
{Heap before GC invocations=873 (full 166):
 PSYoungGen      total 59392K, used 57504K [0x00000007bc400000, 0x00000007c0000000, 0x00000007c0000000)
  eden space 56832K, 100% used [0x00000007bc400000,0x00000007bfb80000,0x00000007bfb80000)
  from space 2560K, 26% used [0x00000007bfd80000,0x00000007bfe28000,0x00000007c0000000)
  to   space 2048K, 0% used [0x00000007bfb80000,0x00000007bfb80000,0x00000007bfd80000)
 ParOldGen       total 115712K, used 86647K [0x0000000700000000, 0x0000000707100000, 0x00000007bc400000)
  object space 115712K, 74% used [0x0000000700000000,0x000000070549dc00,0x0000000707100000)
 Metaspace       used 76104K, capacity 76887K, committed 77696K, reserved 1116160K
  class space    used 10369K, capacity 10532K, committed 10624K, reserved 1048576K
Event: 8569.845 GC heap after
Heap after GC invocations=873 (full 166):
 PSYoungGen      total 58880K, used 608K [0x00000007bc400000, 0x00000007c0000000, 0x00000007c0000000)
  eden space 56832K, 0% used [0x00000007bc400000,0x00000007bc400000,0x00000007bfb80000)
  from space 2048K, 29% used [0x00000007bfb80000,0x00000007bfc18000,0x00000007bfd80000)
  to   space 2048K, 0% used [0x00000007bfe00000,0x00000007bfe00000,0x00000007c0000000)
 ParOldGen       total 115712K, used 86647K [0x0000000700000000, 0x0000000707100000, 0x00000007bc400000)
  object space 115712K, 74% used [0x0000000700000000,0x000000070549dc00,0x0000000707100000)
 Metaspace       used 76104K, capacity 76887K, committed 77696K, reserved 1116160K
  class space    used 10369K, capacity 10532K, committed 10624K, reserved 1048576K
}
Event: 8571.047 GC heap before
{Heap before GC invocations=874 (full 166):
 PSYoungGen      total 58880K, used 57440K [0x00000007bc400000, 0x00000007c0000000, 0x00000007c0000000)
  eden space 56832K, 100% used [0x00000007bc400000,0x00000007bfb80000,0x00000007bfb80000)
  from space 2048K, 29% used [0x00000007bfb80000,0x00000007bfc18000,0x00000007bfd80000)
  to   space 2048K, 0% used [0x00000007bfe00000,0x00000007bfe00000,0x00000007c0000000)
 ParOldGen       total 115712K, used 86647K [0x0000000700000000, 0x0000000707100000, 0x00000007bc400000)
  object space 115712K, 74% used [0x0000000700000000,0x000000070549dc00,0x0000000707100000)
 Metaspace       used 76104K, capacity 76887K, committed 77696K, reserved 1116160K
  class space    used 10369K, capacity 10532K, committed 10624K, reserved 1048576K
Event: 8571.051 GC heap after
Heap after GC invocations=874 (full 166):
 PSYoungGen      total 59392K, used 640K [0x00000007bc400000, 0x00000007c0000000, 0x00000007c0000000)
  eden space 57344K, 0% used [0x00000007bc400000,0x00000007bc400000,0x00000007bfc00000)
  from space 2048K, 31% used [0x00000007bfe00000,0x00000007bfea0000,0x00000007c0000000)
  to   space 2048K, 0% used [0x00000007bfc00000,0x00000007bfc00000,0x00000007bfe00000)
 ParOldGen       total 115712K, used 86647K [0x0000000700000000, 0x0000000707100000, 0x00000007bc400000)
  object space 115712K, 74% used [0x0000000700000000,0x000000070549dc00,0x0000000707100000)
 Metaspace       used 76104K, capacity 76887K, committed 77696K, reserved 1116160K
  class space    used 10369K, capacity 10532K, committed 10624K, reserved 1048576K
}
Event: 8571.621 GC heap before
{Heap before GC invocations=875 (full 166):
 PSYoungGen      total 59392K, used 57984K [0x00000007bc400000, 0x00000007c0000000, 0x00000007c0000000)
  eden space 57344K, 100% used [0x00000007bc400000,0x00000007bfc00000,0x00000007bfc00000)
  from space 2048K, 31% used [0x00000007bfe00000,0x00000007bfea0000,0x00000007c0000000)
  to   space 2048K, 0% used [0x00000007bfc00000,0x00000007bfc00000,0x00000007bfe00000)
 ParOldGen       total 115712K, used 86647K [0x0000000700000000, 0x0000000707100000, 0x00000007bc400000)
  object space 115712K, 74% used [0x0000000700000000,0x000000070549dc00,0x0000000707100000)
 Metaspace       used 76104K, capacity 76887K, committed 77696K, reserved 1116160K
  class space    used 10369K, capacity 10532K, committed 10624K, reserved 1048576K
Event: 8571.625 GC heap after
Heap after GC invocations=875 (full 166):
 PSYoungGen      total 59392K, used 640K [0x00000007bc400000, 0x00000007c0000000, 0x00000007c0000000)
  eden space 57344K, 0% used [0x00000007bc400000,0x00000007bc400000,0x00000007bfc00000)
  from space 2048K, 31% used [0x00000007bfc00000,0x00000007bfca0000,0x00000007bfe00000)
  to   space 2048K, 0% used [0x00000007bfe00000,0x00000007bfe00000,0x00000007c0000000)
 ParOldGen       total 115712K, used 86647K [0x0000000700000000, 0x0000000707100000, 0x00000007bc400000)
  object space 115712K, 74% used [0x0000000700000000,0x000000070549dc00,0x0000000707100000)
 Metaspace       used 76104K, capacity 76887K, committed 77696K, reserved 1116160K
  class space    used 10369K, capacity 10532K, committed 10624K, reserved 1048576K
}
Event: 8572.932 GC heap before
{Heap before GC invocations=876 (full 166):
 PSYoungGen      total 59392K, used 57984K [0x00000007bc400000, 0x00000007c0000000, 0x00000007c0000000)
  eden space 57344K, 100% used [0x00000007bc400000,0x00000007bfc00000,0x00000007bfc00000)
  from space 2048K, 31% used [0x00000007bfc00000,0x00000007bfca0000,0x00000007bfe00000)
  to   space 2048K, 0% used [0x00000007bfe00000,0x00000007bfe00000,0x00000007c0000000)
 ParOldGen       total 115712K, used 86647K [0x0000000700000000, 0x0000000707100000, 0x00000007bc400000)
  object space 115712K, 74% used [0x0000000700000000,0x000000070549dc00,0x0000000707100000)
 Metaspace       used 76107K, capacity 76887K, committed 77696K, reserved 1116160K
  class space    used 10369K, capacity 10532K, committed 10624K, reserved 1048576K
Event: 8572.936 GC heap after
Heap after GC invocations=876 (full 166):
 PSYoungGen      total 59392K, used 672K [0x00000007bc400000, 0x00000007c0000000, 0x00000007c0000000)
  eden space 57344K, 0% used [0x00000007bc400000,0x00000007bc400000,0x00000007bfc00000)
  from space 2048K, 32% used [0x00000007bfe00000,0x00000007bfea8000,0x00000007c0000000)
  to   space 2048K, 0% used [0x00000007bfc00000,0x00000007bfc00000,0x00000007bfe00000)
 ParOldGen       total 115712K, used 86647K [0x0000000700000000, 0x0000000707100000, 0x00000007bc400000)
  object space 115712K, 74% used [0x0000000700000000,0x000000070549dc00,0x0000000707100000)
 Metaspace       used 76107K, capacity 76887K, committed 77696K, reserved 1116160K
  class space    used 10369K, capacity 10532K, committed 10624K, reserved 1048576K
}
Event: 8573.256 GC heap before
{Heap before GC invocations=877 (full 166):
 PSYoungGen      total 59392K, used 58016K [0x00000007bc400000, 0x00000007c0000000, 0x00000007c0000000)
  eden space 57344K, 100% used [0x00000007bc400000,0x00000007bfc00000,0x00000007bfc00000)
  from space 2048K, 32% used [0x00000007bfe00000,0x00000007bfea8000,0x00000007c0000000)
  to   space 2048K, 0% used [0x00000007bfc00000,0x00000007bfc00000,0x00000007bfe00000)
 ParOldGen       total 115712K, used 86647K [0x0000000700000000, 0x0000000707100000, 0x00000007bc400000)
  object space 115712K, 74% used [0x0000000700000000,0x000000070549dc00,0x0000000707100000)
 Metaspace       used 76107K, capacity 76887K, committed 77696K, reserved 1116160K
  class space    used 10369K, capacity 10532K, committed 10624K, reserved 1048576K
Event: 8573.259 GC heap after
Heap after GC invocations=877 (full 166):
 PSYoungGen      total 59392K, used 832K [0x00000007bc400000, 0x00000007c0000000, 0x00000007c0000000)
  eden space 57344K, 0% used [0x00000007bc400000,0x00000007bc400000,0x00000007bfc00000)
  from space 2048K, 40% used [0x00000007bfc00000,0x00000007bfcd0000,0x00000007bfe00000)
  to   space 2048K, 0% used [0x00000007bfe00000,0x00000007bfe00000,0x00000007c0000000)
 ParOldGen       total 115712K, used 86647K [0x0000000700000000, 0x0000000707100000, 0x00000007bc400000)
  object space 115712K, 74% used [0x0000000700000000,0x000000070549dc00,0x0000000707100000)
 Metaspace       used 76107K, capacity 76887K, committed 77696K, reserved 1116160K
  class space    used 10369K, capacity 10532K, committed 10624K, reserved 1048576K
}

