# JRE version: Java(TM) SE Runtime Environment (8.0_112-b15) (build 1.8.0_112-b15)
# Java VM: Java HotSpot(TM) 64-Bit Server VM (25.112-b15 mixed mode windows-amd64 compressed oops)
Heap:
 PSYoungGen      total 53248K, used 8455K [0x00000007bc400000, 0x00000007c0000000, 0x00000007c0000000)
  eden space 44544K, 17% used [0x00000007bc400000,0x00000007bcba9c18,0x00000007bef80000)
  from space 8704K, 6% used [0x00000007bf780000,0x00000007bf818000,0x00000007c0000000)
  to   space 8192K, 0% used [0x00000007bef80000,0x00000007bef80000,0x00000007bf780000)
 ParOldGen       total 124928K, used 50334K [0x0000000700000000, 0x0000000707a00000, 0x00000007bc400000)
  object space 124928K, 40% used [0x0000000700000000,0x0000000703127be0,0x0000000707a00000)
 Metaspace       used 70016K, capacity 70675K, committed 71424K, reserved 1112064K
  class space    used 9565K, capacity 9696K, committed 9728K, reserved 1048576K
GC Heap History (10 events):
Event: 1631.154 GC heap before
{Heap before GC invocations=248 (full 66):
 PSYoungGen      total 51712K, used 2800K [0x00000007bc400000, 0x00000007c0000000, 0x00000007c0000000)
  eden space 40960K, 0% used [0x00000007bc400000,0x00000007bc400000,0x00000007bec00000)
  from space 10752K, 26% used [0x00000007bf580000,0x00000007bf83c2b0,0x00000007c0000000)
  to   space 9728K, 0% used [0x00000007bec00000,0x00000007bec00000,0x00000007bf580000)
 ParOldGen       total 124928K, used 50404K [0x0000000700000000, 0x0000000707a00000, 0x00000007bc400000)
  object space 124928K, 40% used [0x0000000700000000,0x0000000703139348,0x0000000707a00000)
 Metaspace       used 69966K, capacity 70611K, committed 71168K, reserved 1110016K
  class space    used 9565K, capacity 9696K, committed 9728K, reserved 1048576K
Event: 1631.236 GC heap after
Heap after GC invocations=248 (full 66):
 PSYoungGen      total 51712K, used 0K [0x00000007bc400000, 0x00000007c0000000, 0x00000007c0000000)
  eden space 40960K, 0% used [0x00000007bc400000,0x00000007bc400000,0x00000007bec00000)
  from space 10752K, 0% used [0x00000007bf580000,0x00000007bf580000,0x00000007c0000000)
  to   space 9728K, 0% used [0x00000007bec00000,0x00000007bec00000,0x00000007bf580000)
 ParOldGen       total 124928K, used 50334K [0x0000000700000000, 0x0000000707a00000, 0x00000007bc400000)
  object space 124928K, 40% used [0x0000000700000000,0x0000000703127be0,0x0000000707a00000)
 Metaspace       used 69966K, capacity 70611K, committed 71168K, reserved 1110016K
  class space    used 9565K, capacity 9696K, committed 9728K, reserved 1048576K
}
Event: 1640.253 GC heap before
{Heap before GC invocations=249 (full 66):
 PSYoungGen      total 51712K, used 40960K [0x00000007bc400000, 0x00000007c0000000, 0x00000007c0000000)
  eden space 40960K, 100% used [0x00000007bc400000,0x00000007bec00000,0x00000007bec00000)
  from space 10752K, 0% used [0x00000007bf580000,0x00000007bf580000,0x00000007c0000000)
  to   space 9728K, 0% used [0x00000007bec00000,0x00000007bec00000,0x00000007bf580000)
 ParOldGen       total 124928K, used 50334K [0x0000000700000000, 0x0000000707a00000, 0x00000007bc400000)
  object space 124928K, 40% used [0x0000000700000000,0x0000000703127be0,0x0000000707a00000)
 Metaspace       used 69969K, capacity 70611K, committed 71168K, reserved 1110016K
  class space    used 9565K, capacity 9696K, committed 9728K, reserved 1048576K
Event: 1640.264 GC heap after
Heap after GC invocations=249 (full 66):
 PSYoungGen      total 50688K, used 384K [0x00000007bc400000, 0x00000007c0000000, 0x00000007c0000000)
  eden space 40960K, 0% used [0x00000007bc400000,0x00000007bc400000,0x00000007bec00000)
  from space 9728K, 3% used [0x00000007bec00000,0x00000007bec60000,0x00000007bf580000)
  to   space 9728K, 0% used [0x00000007bf680000,0x00000007bf680000,0x00000007c0000000)
 ParOldGen       total 124928K, used 50334K [0x0000000700000000, 0x0000000707a00000, 0x00000007bc400000)
  object space 124928K, 40% used [0x0000000700000000,0x0000000703127be0,0x0000000707a00000)
 Metaspace       used 69969K, capacity 70611K, committed 71168K, reserved 1110016K
  class space    used 9565K, capacity 9696K, committed 9728K, reserved 1048576K
}
Event: 1652.550 GC heap before
{Heap before GC invocations=250 (full 66):
 PSYoungGen      total 50688K, used 41344K [0x00000007bc400000, 0x00000007c0000000, 0x00000007c0000000)
  eden space 40960K, 100% used [0x00000007bc400000,0x00000007bec00000,0x00000007bec00000)
  from space 9728K, 3% used [0x00000007bec00000,0x00000007bec60000,0x00000007bf580000)
  to   space 9728K, 0% used [0x00000007bf680000,0x00000007bf680000,0x00000007c0000000)
 ParOldGen       total 124928K, used 50334K [0x0000000700000000, 0x0000000707a00000, 0x00000007bc400000)
  object space 124928K, 40% used [0x0000000700000000,0x0000000703127be0,0x0000000707a00000)
 Metaspace       used 69987K, capacity 70611K, committed 71168K, reserved 1110016K
  class space    used 9565K, capacity 9696K, committed 9728K, reserved 1048576K
Event: 1652.561 GC heap after
Heap after GC invocations=250 (full 66):
 PSYoungGen      total 52224K, used 384K [0x00000007bc400000, 0x00000007c0000000, 0x00000007c0000000)
  eden space 42496K, 0% used [0x00000007bc400000,0x00000007bc400000,0x00000007bed80000)
  from space 9728K, 3% used [0x00000007bf680000,0x00000007bf6e0000,0x00000007c0000000)
  to   space 9216K, 0% used [0x00000007bed80000,0x00000007bed80000,0x00000007bf680000)
 ParOldGen       total 124928K, used 50334K [0x0000000700000000, 0x0000000707a00000, 0x00000007bc400000)
  object space 124928K, 40% used [0x0000000700000000,0x0000000703127be0,0x0000000707a00000)
 Metaspace       used 69987K, capacity 70611K, committed 71168K, reserved 1110016K
  class space    used 9565K, capacity 9696K, committed 9728K, reserved 1048576K
}
Event: 1654.877 GC heap before
{Heap before GC invocations=251 (full 66):
 PSYoungGen      total 52224K, used 42880K [0x00000007bc400000, 0x00000007c0000000, 0x00000007c0000000)
  eden space 42496K, 100% used [0x00000007bc400000,0x00000007bed80000,0x00000007bed80000)
  from space 9728K, 3% used [0x00000007bf680000,0x00000007bf6e0000,0x00000007c0000000)
  to   space 9216K, 0% used [0x00000007bed80000,0x00000007bed80000,0x00000007bf680000)
 ParOldGen       total 124928K, used 50334K [0x0000000700000000, 0x0000000707a00000, 0x00000007bc400000)
  object space 124928K, 40% used [0x0000000700000000,0x0000000703127be0,0x0000000707a00000)
 Metaspace       used 69997K, capacity 70611K, committed 71168K, reserved 1110016K
  class space    used 9565K, capacity 9696K, committed 9728K, reserved 1048576K
Event: 1654.880 GC heap after
Heap after GC invocations=251 (full 66):
 PSYoungGen      total 51712K, used 640K [0x00000007bc400000, 0x00000007c0000000, 0x00000007c0000000)
  eden space 42496K, 0% used [0x00000007bc400000,0x00000007bc400000,0x00000007bed80000)
  from space 9216K, 6% used [0x00000007bed80000,0x00000007bee20000,0x00000007bf680000)
  to   space 8704K, 0% used [0x00000007bf780000,0x00000007bf780000,0x00000007c0000000)
 ParOldGen       total 124928K, used 50334K [0x0000000700000000, 0x0000000707a00000, 0x00000007bc400000)
  object space 124928K, 40% used [0x0000000700000000,0x0000000703127be0,0x0000000707a00000)
 Metaspace       used 69997K, capacity 70611K, committed 71168K, reserved 1110016K
  class space    used 9565K, capacity 9696K, committed 9728K, reserved 1048576K
}
Event: 1657.323 GC heap before
{Heap before GC invocations=252 (full 66):
 PSYoungGen      total 51712K, used 43136K [0x00000007bc400000, 0x00000007c0000000, 0x00000007c0000000)
  eden space 42496K, 100% used [0x00000007bc400000,0x00000007bed80000,0x00000007bed80000)
  from space 9216K, 6% used [0x00000007bed80000,0x00000007bee20000,0x00000007bf680000)
  to   space 8704K, 0% used [0x00000007bf780000,0x00000007bf780000,0x00000007c0000000)
 ParOldGen       total 124928K, used 50334K [0x0000000700000000, 0x0000000707a00000, 0x00000007bc400000)
  object space 124928K, 40% used [0x0000000700000000,0x0000000703127be0,0x0000000707a00000)
 Metaspace       used 70016K, capacity 70675K, committed 71424K, reserved 1112064K
  class space    used 9565K, capacity 9696K, committed 9728K, reserved 1048576K
Event: 1657.326 GC heap after
Heap after GC invocations=252 (full 66):
 PSYoungGen      total 53248K, used 608K [0x00000007bc400000, 0x00000007c0000000, 0x00000007c0000000)
  eden space 44544K, 0% used [0x00000007bc400000,0x00000007bc400000,0x00000007bef80000)
  from space 8704K, 6% used [0x00000007bf780000,0x00000007bf818000,0x00000007c0000000)
  to   space 8192K, 0% used [0x00000007bef80000,0x00000007bef80000,0x00000007bf780000)
 ParOldGen       total 124928K, used 50334K [0x0000000700000000, 0x0000000707a00000, 0x00000007bc400000)
  object space 124928K, 40% used [0x0000000700000000,0x0000000703127be0,0x0000000707a00000)
 Metaspace       used 70016K, capacity 70675K, committed 71424K, reserved 1112064K
  class space    used 9565K, capacity 9696K, committed 9728K, reserved 1048576K
}

