# JRE version: Java(TM) SE Runtime Environment (8.0_112-b15) (build 1.8.0_112-b15)
# Java VM: Java HotSpot(TM) 64-Bit Server VM (25.112-b15 mixed mode windows-amd64 compressed oops)
Heap:
 PSYoungGen      total 59392K, used 42630K [0x00000007bc400000, 0x00000007c0000000, 0x00000007c0000000)
  eden space 56832K, 73% used [0x00000007bc400000,0x00000007bed11960,0x00000007bfb80000)
  from space 2560K, 22% used [0x00000007bfd80000,0x00000007bfe10000,0x00000007c0000000)
  to   space 2048K, 0% used [0x00000007bfb80000,0x00000007bfb80000,0x00000007bfd80000)
 ParOldGen       total 123904K, used 51264K [0x0000000700000000, 0x0000000707900000, 0x00000007bc400000)
  object space 123904K, 41% used [0x0000000700000000,0x0000000703210348,0x0000000707900000)
 Metaspace       used 69247K, capacity 69857K, committed 70400K, reserved 1110016K
  class space    used 9536K, capacity 9661K, committed 9728K, reserved 1048576K
GC Heap History (10 events):
Event: 740.558 GC heap before
{Heap before GC invocations=106 (full 16):
 PSYoungGen      total 58368K, used 56128K [0x00000007bc400000, 0x00000007c0000000, 0x00000007c0000000)
  eden space 55296K, 100% used [0x00000007bc400000,0x00000007bfa00000,0x00000007bfa00000)
  from space 3072K, 27% used [0x00000007bfa00000,0x00000007bfad0000,0x00000007bfd00000)
  to   space 2560K, 0% used [0x00000007bfd80000,0x00000007bfd80000,0x00000007c0000000)
 ParOldGen       total 123904K, used 51000K [0x0000000700000000, 0x0000000707900000, 0x00000007bc400000)
  object space 123904K, 41% used [0x0000000700000000,0x00000007031ce348,0x0000000707900000)
 Metaspace       used 69121K, capacity 69729K, committed 70400K, reserved 1110016K
  class space    used 9536K, capacity 9661K, committed 9728K, reserved 1048576K
Event: 740.561 GC heap after
Heap after GC invocations=106 (full 16):
 PSYoungGen      total 58880K, used 640K [0x00000007bc400000, 0x00000007c0000000, 0x00000007c0000000)
  eden space 56320K, 0% used [0x00000007bc400000,0x00000007bc400000,0x00000007bfb00000)
  from space 2560K, 25% used [0x00000007bfd80000,0x00000007bfe20000,0x00000007c0000000)
  to   space 2560K, 0% used [0x00000007bfb00000,0x00000007bfb00000,0x00000007bfd80000)
 ParOldGen       total 123904K, used 51064K [0x0000000700000000, 0x0000000707900000, 0x00000007bc400000)
  object space 123904K, 41% used [0x0000000700000000,0x00000007031de348,0x0000000707900000)
 Metaspace       used 69121K, capacity 69729K, committed 70400K, reserved 1110016K
  class space    used 9536K, capacity 9661K, committed 9728K, reserved 1048576K
}
Event: 745.170 GC heap before
{Heap before GC invocations=107 (full 16):
 PSYoungGen      total 58880K, used 56960K [0x00000007bc400000, 0x00000007c0000000, 0x00000007c0000000)
  eden space 56320K, 100% used [0x00000007bc400000,0x00000007bfb00000,0x00000007bfb00000)
  from space 2560K, 25% used [0x00000007bfd80000,0x00000007bfe20000,0x00000007c0000000)
  to   space 2560K, 0% used [0x00000007bfb00000,0x00000007bfb00000,0x00000007bfd80000)
 ParOldGen       total 123904K, used 51064K [0x0000000700000000, 0x0000000707900000, 0x00000007bc400000)
  object space 123904K, 41% used [0x0000000700000000,0x00000007031de348,0x0000000707900000)
 Metaspace       used 69147K, capacity 69793K, committed 70400K, reserved 1110016K
  class space    used 9536K, capacity 9661K, committed 9728K, reserved 1048576K
Event: 745.174 GC heap after
Heap after GC invocations=107 (full 16):
 PSYoungGen      total 58880K, used 608K [0x00000007bc400000, 0x00000007c0000000, 0x00000007c0000000)
  eden space 56320K, 0% used [0x00000007bc400000,0x00000007bc400000,0x00000007bfb00000)
  from space 2560K, 23% used [0x00000007bfb00000,0x00000007bfb98000,0x00000007bfd80000)
  to   space 2560K, 0% used [0x00000007bfd80000,0x00000007bfd80000,0x00000007c0000000)
 ParOldGen       total 123904K, used 51096K [0x0000000700000000, 0x0000000707900000, 0x00000007bc400000)
  object space 123904K, 41% used [0x0000000700000000,0x00000007031e6348,0x0000000707900000)
 Metaspace       used 69147K, capacity 69793K, committed 70400K, reserved 1110016K
  class space    used 9536K, capacity 9661K, committed 9728K, reserved 1048576K
}
Event: 753.086 GC heap before
{Heap before GC invocations=108 (full 16):
 PSYoungGen      total 58880K, used 56928K [0x00000007bc400000, 0x00000007c0000000, 0x00000007c0000000)
  eden space 56320K, 100% used [0x00000007bc400000,0x00000007bfb00000,0x00000007bfb00000)
  from space 2560K, 23% used [0x00000007bfb00000,0x00000007bfb98000,0x00000007bfd80000)
  to   space 2560K, 0% used [0x00000007bfd80000,0x00000007bfd80000,0x00000007c0000000)
 ParOldGen       total 123904K, used 51096K [0x0000000700000000, 0x0000000707900000, 0x00000007bc400000)
  object space 123904K, 41% used [0x0000000700000000,0x00000007031e6348,0x0000000707900000)
 Metaspace       used 69175K, capacity 69793K, committed 70400K, reserved 1110016K
  class space    used 9536K, capacity 9661K, committed 9728K, reserved 1048576K
Event: 753.095 GC heap after
Heap after GC invocations=108 (full 16):
 PSYoungGen      total 58880K, used 672K [0x00000007bc400000, 0x00000007c0000000, 0x00000007c0000000)
  eden space 56320K, 0% used [0x00000007bc400000,0x00000007bc400000,0x00000007bfb00000)
  from space 2560K, 26% used [0x00000007bfd80000,0x00000007bfe28000,0x00000007c0000000)
  to   space 2560K, 0% used [0x00000007bfb00000,0x00000007bfb00000,0x00000007bfd80000)
 ParOldGen       total 123904K, used 51168K [0x0000000700000000, 0x0000000707900000, 0x00000007bc400000)
  object space 123904K, 41% used [0x0000000700000000,0x00000007031f8348,0x0000000707900000)
 Metaspace       used 69175K, capacity 69793K, committed 70400K, reserved 1110016K
  class space    used 9536K, capacity 9661K, committed 9728K, reserved 1048576K
}
Event: 757.115 GC heap before
{Heap before GC invocations=109 (full 16):
 PSYoungGen      total 58880K, used 56992K [0x00000007bc400000, 0x00000007c0000000, 0x00000007c0000000)
  eden space 56320K, 100% used [0x00000007bc400000,0x00000007bfb00000,0x00000007bfb00000)
  from space 2560K, 26% used [0x00000007bfd80000,0x00000007bfe28000,0x00000007c0000000)
  to   space 2560K, 0% used [0x00000007bfb00000,0x00000007bfb00000,0x00000007bfd80000)
 ParOldGen       total 123904K, used 51168K [0x0000000700000000, 0x0000000707900000, 0x00000007bc400000)
  object space 123904K, 41% used [0x0000000700000000,0x00000007031f8348,0x0000000707900000)
 Metaspace       used 69179K, capacity 69793K, committed 70400K, reserved 1110016K
  class space    used 9536K, capacity 9661K, committed 9728K, reserved 1048576K
Event: 757.121 GC heap after
Heap after GC invocations=109 (full 16):
 PSYoungGen      total 58880K, used 544K [0x00000007bc400000, 0x00000007c0000000, 0x00000007c0000000)
  eden space 56320K, 0% used [0x00000007bc400000,0x00000007bc400000,0x00000007bfb00000)
  from space 2560K, 21% used [0x00000007bfb00000,0x00000007bfb88000,0x00000007bfd80000)
  to   space 2560K, 0% used [0x00000007bfd80000,0x00000007bfd80000,0x00000007c0000000)
 ParOldGen       total 123904K, used 51216K [0x0000000700000000, 0x0000000707900000, 0x00000007bc400000)
  object space 123904K, 41% used [0x0000000700000000,0x0000000703204348,0x0000000707900000)
 Metaspace       used 69179K, capacity 69793K, committed 70400K, reserved 1110016K
  class space    used 9536K, capacity 9661K, committed 9728K, reserved 1048576K
}
Event: 759.199 GC heap before
{Heap before GC invocations=110 (full 16):
 PSYoungGen      total 58880K, used 56864K [0x00000007bc400000, 0x00000007c0000000, 0x00000007c0000000)
  eden space 56320K, 100% used [0x00000007bc400000,0x00000007bfb00000,0x00000007bfb00000)
  from space 2560K, 21% used [0x00000007bfb00000,0x00000007bfb88000,0x00000007bfd80000)
  to   space 2560K, 0% used [0x00000007bfd80000,0x00000007bfd80000,0x00000007c0000000)
 ParOldGen       total 123904K, used 51216K [0x0000000700000000, 0x0000000707900000, 0x00000007bc400000)
  object space 123904K, 41% used [0x0000000700000000,0x0000000703204348,0x0000000707900000)
 Metaspace       used 69194K, capacity 69857K, committed 70400K, reserved 1110016K
  class space    used 9536K, capacity 9661K, committed 9728K, reserved 1048576K
Event: 759.203 GC heap after
Heap after GC invocations=110 (full 16):
 PSYoungGen      total 59392K, used 576K [0x00000007bc400000, 0x00000007c0000000, 0x00000007c0000000)
  eden space 56832K, 0% used [0x00000007bc400000,0x00000007bc400000,0x00000007bfb80000)
  from space 2560K, 22% used [0x00000007bfd80000,0x00000007bfe10000,0x00000007c0000000)
  to   space 2048K, 0% used [0x00000007bfb80000,0x00000007bfb80000,0x00000007bfd80000)
 ParOldGen       total 123904K, used 51264K [0x0000000700000000, 0x0000000707900000, 0x00000007bc400000)
  object space 123904K, 41% used [0x0000000700000000,0x0000000703210348,0x0000000707900000)
 Metaspace       used 69194K, capacity 69857K, committed 70400K, reserved 1110016K
  class space    used 9536K, capacity 9661K, committed 9728K, reserved 1048576K
}

